* using log directory ‘/Users/meganbishop/MCMCglmm/MCMCglmm.Rcheck’
* using R version 4.5.0 (2025-04-11)
* using platform: aarch64-apple-darwin20
* R was compiled by
    Apple clang version 14.0.0 (clang-1400.0.29.202)
    GNU Fortran (GCC) 14.2.0
* running under: macOS Sequoia 15.4.1
* using session charset: UTF-8
* checking for file ‘MCMCglmm/DESCRIPTION’ ... OK
* this is package ‘MCMCglmm’ version ‘2.36’
* package encoding: UTF-8
* checking package namespace information ... OK
* checking package dependencies ... ERROR
Packages suggested but not available:
  'rgl', 'combinat', 'mvtnorm', 'orthopolynom', 'MCMCpack', 'bayesm',
  'msm'

The suggested packages are required for a complete check.
Checking can be attempted without them by setting the environment
variable _R_CHECK_FORCE_SUGGESTS_ to a false value.

See section ‘The DESCRIPTION file’ in the ‘Writing R Extensions’
manual.
* DONE
Status: 1 ERROR
